<?xml version="1.0" encoding="UTF-8"?>
<!-- Generated by org.testng.reporters.JUnitReportReporter -->
<testsuite hostname="DESKTOP-KM1M7V7" failures="0" tests="2" name="testNGBasic.CreatingDependencies" time="1.037" errors="1" timestamp="2024-07-29T12:17:05 IST" skipped="1">
  <testcase classname="testNGBasic.CreatingDependencies" name="deleteAccount" time="0.000">
    <skipped/>
  </testcase> <!-- deleteAccount -->
  <testcase classname="testNGBasic.CreatingDependencies" name="createAccount" time="1.037">
    <error message="Method testNGBasic.CreatingDependencies.createAccount() didn&#039;t finish within the time-out 1000" type="org.testng.internal.thread.ThreadTimeoutException">
      <![CDATA[org.testng.internal.thread.ThreadTimeoutException: Method testNGBasic.CreatingDependencies.createAccount() didn't finish within the time-out 1000
at java.base/sun.security.util.ECUtil.getECParameters(ECUtil.java:149)
at java.base/sun.security.util.ECUtil.getECParameterSpec(ECUtil.java:211)
at jdk.crypto.ec/sun.security.ec.ECKeyPairGenerator.initialize(ECKeyPairGenerator.java:77)
at jdk.crypto.ec/sun.security.ec.ECKeyPairGenerator.<init>(ECKeyPairGenerator.java:69)
at jdk.crypto.ec/sun.security.ec.SunEC$ProviderService.newInstance(SunEC.java:149)
at java.base/sun.security.jca.GetInstance.getInstance(GetInstance.java:236)
at java.base/java.security.KeyPairGenerator.getInstance(KeyPairGenerator.java:246)
at java.base/sun.security.ssl.JsseJce$EcAvailability.<clinit>(JsseJce.java:172)
at java.base/sun.security.ssl.JsseJce.isEcAvailable(JsseJce.java:131)
at java.base/sun.security.ssl.CipherSuite$KeyExchange.isAvailable(CipherSuite.java:1137)
at java.base/sun.security.ssl.CipherSuite.isAvailable(CipherSuite.java:999)
at java.base/sun.security.ssl.SSLContextImpl.getApplicableCipherSuites(SSLContextImpl.java:370)
at java.base/sun.security.ssl.SSLContextImpl.getApplicableSupportedCipherSuites(SSLContextImpl.java:333)
at java.base/sun.security.ssl.SSLContextImpl$AbstractTLSContext.<clinit>(SSLContextImpl.java:547)
at java.base/java.lang.Class.forName0(Native Method)
at java.base/java.lang.Class.forName(Class.java:421)
at java.base/java.lang.Class.forName(Class.java:412)
at java.base/java.security.Provider$Service.getImplClass(Provider.java:1989)
at java.base/java.security.Provider$Service.getDefaultConstructor(Provider.java:2020)
at java.base/java.security.Provider$Service.newInstanceOf(Provider.java:1934)
at java.base/java.security.Provider$Service.newInstanceUtil(Provider.java:1942)
at java.base/java.security.Provider$Service.newInstance(Provider.java:1917)
at java.base/sun.security.jca.GetInstance.getInstance(GetInstance.java:236)
at java.base/sun.security.jca.GetInstance.getInstance(GetInstance.java:164)
at java.base/javax.net.ssl.SSLContext.getInstance(SSLContext.java:185)
at java.base/javax.net.ssl.SSLContext.getDefault(SSLContext.java:110)
at java.net.http/jdk.internal.net.http.HttpClientImpl.<init>(HttpClientImpl.java:458)
at java.net.http/jdk.internal.net.http.HttpClientImpl.create(HttpClientImpl.java:434)
at java.net.http/jdk.internal.net.http.HttpClientBuilderImpl.build(HttpClientBuilderImpl.java:143)
at org.openqa.selenium.remote.http.jdk.JdkHttpClient.<init>(JdkHttpClient.java:159)
at org.openqa.selenium.remote.http.jdk.JdkHttpClient$Factory.createClient(JdkHttpClient.java:475)
at org.openqa.selenium.remote.HttpCommandExecutor.<init>(HttpCommandExecutor.java:115)
at org.openqa.selenium.remote.HttpCommandExecutor.<init>(HttpCommandExecutor.java:92)
at org.openqa.selenium.remote.service.DriverCommandExecutor.<init>(DriverCommandExecutor.java:89)
at org.openqa.selenium.chromium.ChromiumDriverCommandExecutor.<init>(ChromiumDriverCommandExecutor.java:44)
at org.openqa.selenium.chrome.ChromeDriver$ChromeDriverCommandExecutor.<init>(ChromeDriver.java:116)
at org.openqa.selenium.chrome.ChromeDriver.generateExecutor(ChromeDriver.java:106)
at org.openqa.selenium.chrome.ChromeDriver.<init>(ChromeDriver.java:89)
at org.openqa.selenium.chrome.ChromeDriver.<init>(ChromeDriver.java:84)
at org.openqa.selenium.chrome.ChromeDriver.<init>(ChromeDriver.java:52)
at testNGBasic.CreatingDependencies.createAccount(CreatingDependencies.java:13)
at java.base/jdk.internal.reflect.DirectMethodHandleAccessor.invoke(DirectMethodHandleAccessor.java:103)
at java.base/java.lang.reflect.Method.invoke(Method.java:580)
at org.testng.internal.invokers.MethodInvocationHelper.invokeMethod(MethodInvocationHelper.java:141)
at org.testng.internal.invokers.InvokeMethodRunnable.runOne(InvokeMethodRunnable.java:47)
at org.testng.internal.invokers.InvokeMethodRunnable.call(InvokeMethodRunnable.java:76)
at org.testng.internal.invokers.InvokeMethodRunnable.call(InvokeMethodRunnable.java:11)
at java.base/java.util.concurrent.FutureTask.run(FutureTask.java:317)
at java.base/java.util.concurrent.ThreadPoolExecutor.runWorker(ThreadPoolExecutor.java:1144)
at java.base/java.util.concurrent.ThreadPoolExecutor$Worker.run(ThreadPoolExecutor.java:642)
at java.base/java.lang.Thread.run(Thread.java:1583)
]]>
    </error>
  </testcase> <!-- createAccount -->
</testsuite> <!-- testNGBasic.CreatingDependencies -->
